ptp4l[78.950]: port 1: INITIALIZING to LISTENING on INIT_COMPLETE
ptp4l[78.951]: port 0: INITIALIZING to LISTENING on INIT_COMPLETE
ptp4l[79.488]: port 1: new foreign master 080027.fffe.5075f8-1
ptp4l[83.492]: selected best master clock 080027.fffe.5075f8
ptp4l[83.492]: port 1: LISTENING to UNCALIBRATED on RS_SLAVE
ptp4l[85.495]: master offset  650309356 s0 freq      +0 path delay     97653
ptp4l[86.499]: master offset  650314161 s0 freq      +0 path delay     85377
ptp4l[87.499]: master offset  650311862 s0 freq      +0 path delay     89395
ptp4l[88.500]: master offset  650323483 s0 freq      +0 path delay     86190
ptp4l[89.500]: master offset  650283158 s0 freq      +0 path delay     89802
ptp4l[90.500]: master offset  650336840 s0 freq      +0 path delay     89802
ptp4l[91.500]: master offset  650288243 s0 freq      +0 path delay     87310
ptp4l[92.502]: master offset  650354135 s0 freq      +0 path delay     87310
ptp4l[93.501]: master offset  650287452 s0 freq      +0 path delay     89024
ptp4l[94.506]: master offset  650334663 s0 freq      +0 path delay     87310
ptp4l[95.506]: master offset  650288853 s0 freq      +0 path delay     89024
ptp4l[96.510]: master offset  650320234 s0 freq      +0 path delay     89024
ptp4l[97.510]: master offset  650299152 s0 freq      +0 path delay     89024
ptp4l[98.511]: master offset  650337892 s0 freq      +0 path delay     89024
ptp4l[99.511]: master offset  650288658 s0 freq      +0 path delay     92179
ptp4l[100.512]: master offset  650325048 s0 freq      +0 path delay     89024
ptp4l[101.513]: master offset  650298527 s1 freq    -676 path delay     89056
ptp4l[102.512]: master offset    -438751 s2 freq  -44990 path delay     89056
ptp4l[102.512]: port 1: UNCALIBRATED to SLAVE on MASTER_CLOCK_SELECTED
ptp4l[103.512]: master offset    -956874 s2 freq  -97759 path delay    100231
ptp4l[104.516]: master offset   -1307040 s2 freq -134083 path delay    106689
ptp4l[105.516]: master offset   -1228664 s2 freq -127474 path delay    143961
ptp4l[106.519]: master offset   -1035775 s2 freq -109221 path delay    143961
ptp4l[107.519]: master offset    -969751 s2 freq -103588 path delay    108150
ptp4l[108.524]: master offset    -813291 s2 freq  -88755 path delay    108150
ptp4l[109.524]: master offset    -774924 s2 freq  -85694 path delay    104949
ptp4l[110.525]: master offset    -708801 s2 freq  -79790 path delay    140760
ptp4l[111.525]: master offset    -643322 s2 freq  -73885 path delay    140760
ptp4l[112.528]: master offset    -447132 s2 freq  -54714 path delay    104949
ptp4l[113.528]: master offset    -456444 s2 freq  -56101 path delay    104949
ptp4l[114.529]: master offset    -312938 s2 freq  -42064 path delay    104949
ptp4l[115.529]: master offset    -357751 s2 freq  -46903 path delay    104949
ptp4l[116.531]: master offset    -276076 s2 freq  -39011 path delay     97118
ptp4l[117.531]: master offset    -260999 s2 freq  -37764 path delay     86862
ptp4l[118.532]: master offset    -147760 s2 freq  -26588 path delay     86862
ptp4l[119.532]: master offset    -185677 s2 freq  -30566 path delay     98261
ptp4l[120.533]: master offset    -133541 s2 freq  -25486 path delay     98261
ptp4l[121.533]: master offset    -130295 s2 freq  -25291 path delay     96584
ptp4l[122.537]: master offset     -89369 s2 freq  -21288 path delay    102026
ptp4l[123.537]: master offset    -107849 s2 freq  -23244 path delay    107214
ptp4l[124.540]: master offset      -9776 s2 freq  -13446 path delay    107214
ptp4l[125.540]: master offset     -86297 s2 freq  -21185 path delay    116431
ptp4l[126.542]: master offset      11928 s2 freq  -11350 path delay    116431
ptp4l[127.542]: master offset     -54670 s2 freq  -18065 path delay    114754
ptp4l[128.542]: master offset     -33808 s2 freq  -16013 path delay    114754
ptp4l[129.542]: master offset     -13131 s2 freq  -13958 path delay    114754
ptp4l[130.546]: master offset       2955 s2 freq  -12346 path delay    114754
ptp4l[131.546]: master offset       5781 s2 freq  -12058 path delay    103649
ptp4l[132.550]: master offset      69020 s2 freq   -5665 path delay    100138
ptp4l[133.550]: master offset      33493 s2 freq   -9184 path delay    105674
ptp4l[134.553]: master offset     435306 s2 freq  +31432 path delay     89040
ptp4l[135.553]: master offset     283006 s2 freq  +16485 path delay     89040
ptp4l[136.554]: master offset      47215 s2 freq   -7047 path delay     89040
ptp4l[137.554]: master offset      31823 s2 freq   -8554 path delay     89040
ptp4l[138.555]: master offset      46790 s2 freq   -7010 path delay     89688
ptp4l[139.555]: master offset      50473 s2 freq   -6592 path delay     90955
ptp4l[140.559]: master offset     112206 s2 freq    -306 path delay     90955
ptp4l[141.559]: master offset      52021 s2 freq   -6273 path delay     99268
ptp4l[142.562]: master offset     110096 s2 freq    -355 path delay     99268
ptp4l[143.564]: master offset      40619 s2 freq   -7262 path delay     99268
ptp4l[144.567]: master offset      92677 s2 freq   -1964 path delay     99268
ptp4l[145.567]: master offset      47953 s2 freq   -6388 path delay    117605
ptp4l[146.568]: master offset      96424 s2 freq   -1445 path delay    117605
ptp4l[147.568]: master offset      60861 s2 freq   -4940 path delay    119037
ptp4l[148.568]: master offset      73103 s2 freq   -3643 path delay    116150
ptp4l[149.569]: master offset      52166 s2 freq   -5684 path delay    112270
ptp4l[150.573]: master offset     103773 s2 freq    -420 path delay    112270
ptp4l[151.573]: master offset      59013 s2 freq   -4837 path delay    112270
ptp4l[152.576]: master offset     111288 s2 freq    +502 path delay    119037
ptp4l[153.576]: master offset      62965 s2 freq   -4267 path delay    109853
ptp4l[154.578]: master offset      94015 s2 freq   -1068 path delay    109853
ptp4l[155.578]: master offset      70585 s2 freq   -3341 path delay    109853
ptp4l[156.578]: master offset      82338 s2 freq   -2083 path delay     99315
ptp4l[157.578]: master offset      90352 s2 freq   -1191 path delay     96439
ptp4l[158.579]: master offset     128015 s2 freq   +2703 path delay     96439
ptp4l[159.579]: master offset      97283 s2 freq    -273 path delay     96439
ptp4l[160.582]: master offset     100132 s2 freq    +112 path delay    110030
ptp4l[161.582]: master offset      86377 s2 freq   -1177 path delay     99167
ptp4l[162.584]: master offset      89189 s2 freq    -807 path delay     99167
ptp4l[163.584]: master offset      85652 s2 freq   -1075 path delay     99167
ptp4l[164.586]: master offset     102859 s2 freq    +749 path delay    112824
ptp4l[165.586]: master offset      91437 s2 freq    -302 path delay    112824
ptp4l[166.587]: master offset     119773 s2 freq   +2651 path delay    104838
ptp4l[167.587]: master offset      77574 s2 freq   -1491 path delay    115701
ptp4l[168.590]: master offset     116228 s2 freq   +2491 path delay    115701
ptp4l[169.590]: master offset     303467 s2 freq  +21518 path delay    116794
ptp4l[170.593]: master offset      90862 s2 freq    +349 path delay    116794
ptp4l[171.593]: master offset      52662 s2 freq   -3419 path delay    114339
ptp4l[172.595]: master offset     109044 s2 freq   +2328 path delay    114339
ptp4l[173.595]: master offset      63890 s2 freq   -2123 path delay    114339
ptp4l[174.596]: master offset     109772 s2 freq   +2575 path delay    108808
ptp4l[175.596]: master offset      79899 s2 freq    -333 path delay    108808
ptp4l[176.598]: master offset     105457 s2 freq   +2329 path delay    114339
ptp4l[177.598]: master offset      55757 s2 freq   -2585 path delay    114339
ptp4l[178.601]: master offset      94609 s2 freq   +1394 path delay    108808
ptp4l[179.601]: master offset      64666 s2 freq   -1535 path delay    108808
ptp4l[180.602]: master offset     108461 s2 freq   +2953 path delay    105597
ptp4l[181.602]: master offset      88360 s2 freq   +1031 path delay    105597
ptp4l[182.603]: master offset      66515 s2 freq   -1087 path delay    100083
ptp4l[183.603]: master offset      68451 s2 freq    -825 path delay    100083
ptp4l[184.605]: master offset      83099 s2 freq    +723 path delay     98733
ptp4l[185.605]: master offset      68488 s2 freq    -670 path delay     94772
ptp4l[186.608]: master offset      81695 s2 freq    +733 path delay     94772
ptp4l[187.608]: master offset      72813 s2 freq     -83 path delay     94772
ptp4l[188.610]: master offset      77735 s2 freq    +487 path delay     94772
ptp4l[189.610]: master offset      69830 s2 freq    -233 path delay     99416
ptp4l[190.611]: master offset      61712 s2 freq    -984 path delay    102317
ptp4l[191.612]: master offset      56629 s2 freq   -1435 path delay    102317
ptp4l[192.612]: master offset      61754 s2 freq    -861 path delay    102317
ptp4l[193.612]: master offset      62365 s2 freq    -738 path delay    104421
ptp4l[194.614]: master offset     540240 s2 freq  +47590 path delay    104421
ptp4l[195.614]: master offset     -30907 s2 freq   -9555 path delay    153808
ptp4l[196.616]: master offset     -16958 s2 freq   -8177 path delay    153808
ptp4l[197.616]: master offset      39318 s2 freq   -2511 path delay    104421
ptp4l[198.618]: master offset      70713 s2 freq    +700 path delay    104421
ptp4l[199.618]: master offset      39474 s2 freq   -2385 path delay    104421
ptp4l[200.619]: master offset      14265 s2 freq   -4891 path delay    151871
ptp4l[201.619]: master offset      15832 s2 freq   -4719 path delay    151871
ptp4l[202.619]: master offset      76447 s2 freq   +1419 path delay    132571
ptp4l[203.619]: master offset      32498 s2 freq   -2943 path delay    132571
ptp4l[204.621]: master offset      80269 s2 freq   +1914 path delay    132571
ptp4l[205.621]: master offset      72319 s2 freq   +1191 path delay    124662
ptp4l[206.622]: master offset      84635 s2 freq   +2508 path delay    124662
ptp4l[207.623]: master offset      18871 s2 freq   -4050 path delay    129090
ptp4l[208.624]: master offset      73173 s2 freq   +1453 path delay    136999
ptp4l[209.625]: master offset      36069 s2 freq   -2221 path delay    129090
ptp4l[210.625]: master offset      86141 s2 freq   +2872 path delay    129090
ptp4l[211.626]: master offset      51558 s2 freq    -534 path delay    129090
ptp4l[212.627]: master offset      91930 s2 freq   +3595 path delay    129090
ptp4l[213.627]: master offset       -852 s2 freq   -5684 path delay    129090
ptp4l[214.628]: master offset      17377 s2 freq   -3844 path delay    126941
ptp4l[215.629]: master offset     158776 s2 freq  +10455 path delay    126941
ptp4l[216.630]: master offset      83239 s2 freq   +2984 path delay    127192
ptp4l[217.630]: master offset      48787 s2 freq    -412 path delay    127588
ptp4l[218.631]: master offset      61636 s2 freq    +934 path delay    120519
ptp4l[219.631]: master offset      30691 s2 freq   -2129 path delay    118892
ptp4l[220.632]: master offset     350848 s2 freq  +30237 path delay    118892
ptp4l[221.632]: master offset     321441 s2 freq  +27618 path delay    123416
ptp4l[222.632]: master offset     267940 s2 freq  +22536 path delay    127703
ptp4l[223.632]: master offset     -56971 s2 freq  -10012 path delay    127703
ptp4l[224.633]: master offset     185935 s2 freq  +14464 path delay    130383
ptp4l[225.633]: master offset     150259 s2 freq  +11047 path delay    144737
ptp4l[226.634]: master offset     104873 s2 freq   +6613 path delay    175041
ptp4l[227.634]: master offset    -112840 s2 freq  -15271 path delay    175041
ptp4l[228.634]: master offset     -79873 s2 freq  -12054 path delay    197063
ptp4l[229.635]: master offset    -116940 s2 freq  -15878 path delay    197063
ptp4l[230.635]: master offset    -101572 s2 freq  -14443 path delay    197063
ptp4l[231.635]: master offset     -78952 s2 freq  -12260 path delay    189589
ptp4l[232.636]: master offset     -47004 s2 freq   -9112 path delay    189589
ptp4l[233.636]: master offset     -31592 s2 freq   -7602 path delay    149523
ptp4l[234.637]: master offset     126211 s2 freq   +8304 path delay    149523
ptp4l[235.637]: master offset     -31309 s2 freq   -7479 path delay    141562
ptp4l[236.639]: master offset      81731 s2 freq   +3907 path delay    108321
ptp4l[237.639]: master offset      11733 s2 freq   -3081 path delay    108321
ptp4l[238.640]: master offset      52797 s2 freq   +1078 path delay    103299
ptp4l[239.640]: master offset      31822 s2 freq    -988 path delay    103299
ptp4l[240.642]: master offset     233744 s2 freq  +19438 path delay     99092
ptp4l[241.644]: master offset       2774 s2 freq   -3656 path delay     99092
ptp4l[242.645]: master offset      75866 s2 freq   +3729 path delay    101103
ptp4l[243.645]: master offset      37916 s2 freq     -28 path delay    106125
ptp4l[244.646]: master offset     310961 s2 freq  +27587 path delay    106125
ptp4l[245.646]: master offset     -62109 s2 freq   -9782 path delay    143484
ptp4l[246.648]: master offset      13302 s2 freq   -2227 path delay    143484
ptp4l[247.648]: master offset     -96771 s2 freq  -13331 path delay    175452
ptp4l[248.649]: master offset     -33727 s2 freq   -7061 path delay    175452
ptp4l[249.649]: master offset     181442 s2 freq  +14638 path delay    175452
ptp4l[250.650]: master offset     150616 s2 freq  +11706 path delay    232538
ptp4l[251.650]: master offset     -72231 s2 freq  -10651 path delay    232538
ptp4l[252.651]: master offset     -63217 s2 freq   -9813 path delay    232538
ptp4l[253.651]: master offset    -156779 s2 freq  -19326 path delay    254312
ptp4l[254.652]: master offset     166683 s2 freq  +13187 path delay    254312
ptp4l[255.652]: master offset     104719 s2 freq   +7095 path delay    254312
ptp4l[256.653]: master offset     -75149 s2 freq  -10967 path delay    237276
ptp4l[257.653]: master offset     112600 s2 freq   +7921 path delay    237276
ptp4l[258.654]: master offset     -74091 s2 freq  -10822 path delay    229328
ptp4l[259.655]: master offset     336827 s2 freq  +30606 path delay    229328
ptp4l[260.655]: master offset     -97763 s2 freq  -12951 path delay    240936
ptp4l[261.655]: master offset     -65545 s2 freq   -9794 path delay    240936
ptp4l[262.656]: master offset     -56394 s2 freq   -8936 path delay    229328
ptp4l[263.656]: master offset    -102997 s2 freq  -13699 path delay    213730
ptp4l[264.657]: master offset     -39501 s2 freq   -7389 path delay    213730
ptp4l[265.657]: master offset     -73185 s2 freq  -10830 path delay    213730
ptp4l[266.659]: master offset      37878 s2 freq    +314 path delay    165682
ptp4l[267.659]: master offset      34066 s2 freq     -33 path delay    128436
ptp4l[268.659]: master offset      84071 s2 freq   +5051 path delay    124536
ptp4l[269.660]: master offset      28659 s2 freq    -461 path delay    119159
ptp4l[270.661]: master offset     526643 s2 freq  +49864 path delay    113183
ptp4l[271.661]: master offset      10347 s2 freq   -1756 path delay    113183
ptp4l[272.662]: master offset      42762 s2 freq   +1529 path delay    104346
ptp4l[273.662]: master offset     236311 s2 freq  +21120 path delay    107854
ptp4l[274.663]: master offset     267450 s2 freq  +24501 path delay    107854
ptp4l[275.663]: master offset       9203 s2 freq   -1314 path delay    107854
ptp4l[276.663]: master offset     -23051 s2 freq   -4563 path delay    120928
ptp4l[277.663]: master offset     -70337 s2 freq   -9362 path delay    133198
ptp4l[278.663]: master offset     -56427 s2 freq   -8027 path delay    133198
ptp4l[279.664]: master offset     -52481 s2 freq   -7685 path delay    120928
ptp4l[280.664]: master offset     -34218 s2 freq   -5893 path delay    133198
ptp4l[281.665]: master offset     140646 s2 freq  +11734 path delay    169417
ptp4l[282.666]: master offset     -33727 s2 freq   -5737 path delay    169417
ptp4l[283.667]: master offset      38680 s2 freq   +1543 path delay    133198
ptp4l[284.667]: master offset       4766 s2 freq   -1844 path delay    133198
ptp4l[285.667]: master offset     -27379 s2 freq   -5086 path delay    116861
ptp4l[286.668]: master offset      42518 s2 freq   +1946 path delay    107099
ptp4l[287.669]: master offset       6249 s2 freq   -1674 path delay    107099
ptp4l[288.670]: master offset       5893 s2 freq   -1704 path delay    107099
ptp4l[289.671]: master offset     -10389 s2 freq   -3343 path delay    105690
ptp4l[290.675]: master offset      33352 s2 freq   +1065 path delay    105690
ptp4l[291.676]: master offset      -4154 s2 freq   -2690 path delay    111262
ptp4l[292.677]: master offset     285084 s2 freq  +26519 path delay    111262
ptp4l[293.677]: master offset     -46086 s2 freq   -6644 path delay    111951
ptp4l[294.678]: master offset     -16751 s2 freq   -3727 path delay    111951
ptp4l[295.678]: master offset     -18112 s2 freq   -3882 path delay    111951
ptp4l[296.679]: master offset      13464 s2 freq    -711 path delay    118058
ptp4l[297.680]: master offset     227761 s2 freq  +20947 path delay    124801
ptp4l[298.681]: master offset      -6366 s2 freq   -2472 path delay    127581
ptp4l[299.681]: master offset     -38057 s2 freq   -5679 path delay    129251
ptp4l[300.682]: master offset       4182 s2 freq   -1451 path delay    129251
ptp4l[301.683]: master offset      -2951 s2 freq   -2168 path delay    129206
ptp4l[302.683]: master offset      25393 s2 freq    +692 path delay    129206
ptp4l[303.684]: master offset     -69355 s2 freq   -8852 path delay    142629
ptp4l[304.685]: master offset      49727 s2 freq   +3106 path delay    130913
ptp4l[305.685]: master offset     -46199 s2 freq   -6533 path delay    130913
ptp4l[306.686]: master offset     -18664 s2 freq   -3798 path delay    130913
ptp4l[307.687]: master offset     -37745 s2 freq   -5744 path delay    130913
ptp4l[308.687]: master offset       -421 s2 freq   -2012 path delay    130913
ptp4l[309.688]: master offset     -27944 s2 freq   -4792 path delay    130913
ptp4l[310.689]: master offset     232065 s2 freq  +21441 path delay    128550
ptp4l[311.689]: master offset     -13453 s2 freq   -3124 path delay    142381
ptp4l[312.689]: master offset      -6105 s2 freq   -2396 path delay    145885
ptp4l[313.690]: master offset     -43187 s2 freq   -6147 path delay    135003
ptp4l[314.691]: master offset      -3517 s2 freq   -2184 path delay    135003
ptp4l[315.691]: master offset      45019 s2 freq   +2715 path delay    129098
ptp4l[316.692]: master offset      36986 s2 freq   +1949 path delay    135003
ptp4l[317.692]: master offset     203168 s2 freq  +18770 path delay    135003
ptp4l[318.693]: master offset      40571 s2 freq   +2551 path delay    135003
ptp4l[319.693]: master offset     -11636 s2 freq   -2681 path delay    135003
ptp4l[320.693]: master offset     -21988 s2 freq   -3739 path delay    139185
ptp4l[321.694]: master offset     265633 s2 freq  +25289 path delay    132475
ptp4l[322.695]: master offset     171835 s2 freq  +16081 path delay    136657
ptp4l[323.695]: master offset     -98560 s2 freq  -11057 path delay    136657
ptp4l[324.696]: master offset     210576 s2 freq  +20067 path delay    136657
ptp4l[325.696]: master offset     134056 s2 freq  +12549 path delay    136657
ptp4l[326.697]: master offset     -97549 s2 freq  -10709 path delay    189842
ptp4l[327.697]: master offset     -76793 s2 freq   -8710 path delay    189842
ptp4l[328.697]: master offset     -67464 s2 freq   -7844 path delay    143593
ptp4l[329.698]: master offset     185894 s2 freq  +17677 path delay    133038
ptp4l[330.698]: master offset     -68763 s2 freq   -7857 path delay    143593
ptp4l[331.698]: master offset     -87162 s2 freq   -9784 path delay    143593
ptp4l[332.699]: master offset     -34617 s2 freq   -4564 path delay    127295
ptp4l[333.699]: master offset     285722 s2 freq  +27755 path delay    120079
ptp4l[334.700]: master offset     293936 s2 freq  +28871 path delay    120079
ptp4l[335.700]: master offset      93794 s2 freq   +8950 path delay    120079
ptp4l[336.700]: master offset     -67326 s2 freq   -7229 path delay    120079
ptp4l[337.700]: master offset    -224243 s2 freq  -23145 path delay    190058
ptp4l[338.700]: master offset     -57545 s2 freq   -6533 path delay    120079
ptp4l[339.701]: master offset     148217 s2 freq  +14192 path delay    120079
ptp4l[340.701]: master offset     -99222 s2 freq  -10652 path delay    160640
ptp4l[341.701]: master offset    -152689 s2 freq  -16151 path delay    159302
ptp4l[342.701]: master offset     -34928 s2 freq   -4410 path delay     99069
ptp4l[343.701]: master offset     -42950 s2 freq   -5255 path delay     99069
ptp4l[344.702]: master offset     -24402 s2 freq   -3424 path delay     98641
ptp4l[345.702]: master offset     274205 s2 freq  +26710 path delay    104434
ptp4l[346.702]: master offset     -42537 s2 freq   -5006 path delay    107548
ptp4l[347.702]: master offset     -94968 s2 freq  -10344 path delay    107548
ptp4l[348.702]: master offset     -75316 s2 freq   -8454 path delay    104434
ptp4l[349.702]: master offset     -69516 s2 freq   -7944 path delay    104434
ptp4l[350.704]: master offset      16449 s2 freq    +669 path delay    104434
ptp4l[351.704]: master offset     -51951 s2 freq   -6223 path delay    108781
ptp4l[352.704]: master offset     -17333 s2 freq   -2779 path delay    113854
ptp4l[353.705]: master offset     181172 s2 freq  +17253 path delay    118736
ptp4l[354.705]: master offset     -82407 s2 freq   -9187 path delay    151191
ptp4l[355.705]: master offset     348066 s2 freq  +34208 path delay    112999
ptp4l[356.705]: master offset     107955 s2 freq  +10305 path delay    112999
ptp4l[357.705]: master offset    -133457 s2 freq  -13970 path delay    144289
ptp4l[358.706]: master offset      51622 s2 freq   +4590 path delay    182481
ptp4l[359.706]: master offset    -171376 s2 freq  -17881 path delay    190955
ptp4l[360.706]: master offset     -89100 s2 freq   -9743 path delay    190955
ptp4l[361.707]: master offset    -138439 s2 freq  -14815 path delay    190955
ptp4l[362.707]: master offset     141070 s2 freq  +13277 path delay    182481
ptp4l[363.707]: master offset    -147512 s2 freq  -15729 path delay    190955
ptp4l[364.708]: master offset      92427 s2 freq   +8357 path delay    191229
ptp4l[365.709]: master offset      90791 s2 freq   +8285 path delay    195661
ptp4l[366.709]: master offset     102437 s2 freq   +9552 path delay    195661
ptp4l[367.709]: master offset      54806 s2 freq   +4843 path delay    218102
ptp4l[368.709]: master offset    -146133 s2 freq  -15397 path delay    218102
ptp4l[369.710]: master offset     169859 s2 freq  +16372 path delay    202085
ptp4l[370.710]: master offset    -127933 s2 freq  -13535 path delay    202085
ptp4l[371.710]: master offset    -162188 s2 freq  -17122 path delay    202085
ptp4l[372.711]: master offset     -65423 s2 freq   -7511 path delay    191229
ptp4l[373.712]: master offset    -108546 s2 freq  -11932 path delay    160400
ptp4l[374.712]: master offset     -22445 s2 freq   -3344 path delay    123552
ptp4l[375.712]: master offset     -31852 s2 freq   -4317 path delay    114725
ptp4l[376.713]: master offset      15896 s2 freq    +474 path delay    123552
ptp4l[377.713]: master offset     -38848 s2 freq   -5040 path delay    123552
ptp4l[378.714]: master offset      -7658 s2 freq   -1928 path delay    123552
ptp4l[379.714]: master offset      -2224 s2 freq   -1387 path delay    117186
ptp4l[380.714]: master offset      16738 s2 freq    +526 path delay    127174
ptp4l[381.715]: master offset     -38037 s2 freq   -4990 path delay    127174
ptp4l[382.715]: master offset      -4193 s2 freq   -1609 path delay    132818
ptp4l[383.715]: master offset     -24951 s2 freq   -3710 path delay    132818
ptp4l[384.716]: master offset     258677 s2 freq  +24911 path delay    132818
ptp4l[385.716]: master offset     -89764 s2 freq  -10023 path delay    170220
ptp4l[386.716]: master offset     -28161 s2 freq   -3890 path delay    170220
ptp4l[387.717]: master offset       1111 s2 freq    -962 path delay    170220
ptp4l[388.717]: master offset     -50577 s2 freq   -6182 path delay    172134
ptp4l[389.717]: master offset     -31582 s2 freq   -4314 path delay    172134
ptp4l[390.717]: master offset     -14071 s2 freq   -2577 path delay    172134
ptp4l[391.717]: master offset     -58322 s2 freq   -7060 path delay    172134
ptp4l[392.718]: master offset     -22749 s2 freq   -3525 path delay    172134
ptp4l[393.718]: master offset     236166 s2 freq  +22602 path delay    127932
ptp4l[394.718]: master offset     217340 s2 freq  +20937 path delay    127932
ptp4l[395.718]: master offset    -117303 s2 freq  -12645 path delay    178814
ptp4l[396.719]: master offset      -2923 s2 freq   -1210 path delay    127932
ptp4l[397.719]: master offset     168583 s2 freq  +16110 path delay    113094
ptp4l[398.719]: master offset     -44244 s2 freq   -5217 path delay    127932
ptp4l[399.720]: master offset      -7460 s2 freq   -1546 path delay    102872
ptp4l[400.720]: master offset      19051 s2 freq   +1124 path delay    102872
ptp4l[401.720]: master offset     -19012 s2 freq   -2702 path delay    111212
ptp4l[402.721]: master offset      47593 s2 freq   +4007 path delay    111212
ptp4l[403.721]: master offset     -29282 s2 freq   -3710 path delay    109385
ptp4l[404.722]: master offset     257666 s2 freq  +25242 path delay    109385
ptp4l[405.722]: master offset     184197 s2 freq  +18080 path delay    109385
ptp4l[406.722]: master offset     170283 s2 freq  +16858 path delay    111212
ptp4l[407.722]: master offset     -96223 s2 freq   -9888 path delay    116626
ptp4l[408.722]: master offset     -57998 s2 freq   -6124 path delay    116626
ptp4l[409.723]: master offset     -62635 s2 freq   -6650 path delay    113100
ptp4l[410.723]: master offset     -27204 s2 freq   -3134 path delay    113100
ptp4l[411.723]: master offset     -69008 s2 freq   -7384 path delay    119012
ptp4l[412.725]: master offset     -36718 s2 freq   -4191 path delay    123105
ptp4l[413.725]: master offset    -112188 s2 freq  -11851 path delay    151941
ptp4l[414.725]: master offset     -68211 s2 freq   -7521 path delay    151941
ptp4l[415.726]: master offset     -90751 s2 freq   -9866 path delay    151941
ptp4l[416.726]: master offset     -73068 s2 freq   -8171 path delay    176042
ptp4l[417.726]: master offset    -103493 s2 freq  -11317 path delay    176042
ptp4l[418.727]: master offset     -64253 s2 freq   -7457 path delay    176042
ptp4l[419.727]: master offset     -62260 s2 freq   -7320 path delay    176042
ptp4l[420.727]: master offset       8841 s2 freq    -201 path delay    142721
ptp4l[421.728]: master offset       2580 s2 freq    -825 path delay    132771
ptp4l[422.728]: master offset     -29886 s2 freq   -4101 path delay    132771
ptp4l[423.728]: master offset      -5649 s2 freq   -1683 path delay    132771
ptp4l[424.728]: master offset     -20299 s2 freq   -3168 path delay    132771
ptp4l[425.729]: master offset     285057 s2 freq  +27652 path delay     90740
ptp4l[426.729]: master offset     264901 s2 freq  +25902 path delay     90740
ptp4l[427.729]: master offset     258004 s2 freq  +25470 path delay     90740
ptp4l[428.729]: master offset     -38381 s2 freq   -4207 path delay     90740
ptp4l[429.730]: master offset     -20982 s2 freq   -2488 path delay     90740
ptp4l[430.730]: master offset     -67501 s2 freq   -7207 path delay    147797
ptp4l[431.730]: master offset    -127356 s2 freq  -13320 path delay    207964
ptp4l[432.731]: master offset     149929 s2 freq  +14558 path delay    207964
ptp4l[433.731]: master offset    -151645 s2 freq  -15751 path delay    217569
ptp4l[434.732]: master offset     119530 s2 freq  +11486 path delay    217569
ptp4l[435.732]: master offset      86345 s2 freq   +8254 path delay    231339
ptp4l[436.732]: master offset      98410 s2 freq   +9559 path delay    213691
ptp4l[437.732]: master offset     241126 s2 freq  +24072 path delay    213691
ptp4l[438.732]: master offset    -185623 s2 freq  -18789 path delay    249342
ptp4l[439.733]: master offset    -126322 s2 freq  -12985 path delay    249342
ptp4l[440.733]: master offset     -19560 s2 freq   -2328 path delay    213691
ptp4l[441.736]: master offset    -112400 s2 freq  -11725 path delay    213691
ptp4l[442.737]: master offset     215390 s2 freq  +21270 path delay    218989
ptp4l[443.739]: master offset    -180703 s2 freq  -18520 path delay    218989
ptp4l[444.740]: master offset    -102107 s2 freq  -10763 path delay    203379
ptp4l[445.744]: master offset     -71114 s2 freq   -7735 path delay    162200
ptp4l[446.744]: master offset     -70323 s2 freq   -7726 path delay    162200
ptp4l[447.745]: master offset      79888 s2 freq   +7375 path delay    134603
ptp4l[448.745]: master offset      -2894 s2 freq    -906 path delay    134603
ptp4l[449.746]: master offset     -14231 s2 freq   -2054 path delay    125236
ptp4l[450.746]: master offset      -9313 s2 freq   -1572 path delay    114421
ptp4l[451.746]: master offset      -3566 s2 freq   -1000 path delay    114421
ptp4l[452.747]: master offset       2117 s2 freq    -430 path delay    114421
ptp4l[453.748]: master offset        792 s2 freq    -562 path delay    114421
ptp4l[454.748]: master offset     208456 s2 freq  +20413 path delay    160021
ptp4l[455.749]: master offset     100781 s2 freq   +9746 path delay    203805
ptp4l[456.749]: master offset     113252 s2 freq  +11107 path delay    203805
ptp4l[457.750]: master offset      73555 s2 freq   +7211 path delay    207303
ptp4l[458.750]: master offset    -129342 s2 freq  -13208 path delay    207303
ptp4l[459.751]: master offset    -139483 s2 freq  -14362 path delay    207303
ptp4l[460.752]: master offset     -75669 s2 freq   -8056 path delay    207303
ptp4l[461.752]: master offset    -121714 s2 freq  -12782 path delay    207303
ptp4l[462.753]: master offset     -78184 s2 freq   -8508 path delay    208823
ptp4l[463.753]: master offset     -20123 s2 freq   -2722 path delay    120402
ptp4l[464.754]: master offset     240090 s2 freq  +23540 path delay    117694
ptp4l[465.754]: master offset      85633 s2 freq   +8180 path delay    117694
ptp4l[466.755]: master offset     241058 s2 freq  +23963 path delay    117694
ptp4l[467.755]: master offset     -94773 s2 freq   -9715 path delay    120402
ptp4l[468.756]: master offset     -63158 s2 freq   -6616 path delay    117694
ptp4l[469.756]: master offset     -10847 s2 freq   -1396 path delay    117694
ptp4l[470.757]: master offset     243485 s2 freq  +24281 path delay    117694
ptp4l[471.758]: master offset     232102 s2 freq  +23374 path delay    129457
ptp4l[472.758]: master offset     -93278 s2 freq   -9257 path delay    177451
ptp4l[473.759]: master offset     114931 s2 freq  +11679 path delay    177451
ptp4l[474.759]: master offset      31710 s2 freq   +3389 path delay    245007
ptp4l[475.760]: master offset     -28997 s2 freq   -2711 path delay    287364
ptp4l[476.760]: master offset     -51448 s2 freq   -5008 path delay    323726
ptp4l[477.761]: master offset     -58177 s2 freq   -5739 path delay    323726
ptp4l[478.761]: master offset     -23311 s2 freq   -2275 path delay    327996
ptp4l[479.762]: master offset     -53011 s2 freq   -5298 path delay    327996
ptp4l[480.762]: master offset    -217750 s2 freq  -21990 path delay    327996
ptp4l[481.763]: master offset     -13602 s2 freq   -1589 path delay    327996
ptp4l[482.763]: master offset    -236420 s2 freq  -24107 path delay    327996
ptp4l[483.764]: master offset    -236739 s2 freq  -24376 path delay    327996
ptp4l[484.764]: master offset    -170122 s2 freq  -17884 path delay    323726
ptp4l[485.765]: master offset    -153164 s2 freq  -16342 path delay    275519
ptp4l[486.766]: master offset     174381 s2 freq  +16587 path delay    223963
ptp4l[487.766]: master offset     142647 s2 freq  +13557 path delay    223963
ptp4l[488.767]: master offset     147272 s2 freq  +14166 path delay    219085
ptp4l[489.767]: master offset     140857 s2 freq  +13666 path delay    213036
ptp4l[490.768]: master offset     323931 s2 freq  +32297 path delay    213036
ptp4l[491.768]: master offset    -170959 s2 freq  -17363 path delay    213036
ptp4l[492.769]: master offset     -40194 s2 freq   -4327 path delay    205754
ptp4l[493.769]: master offset     -68013 s2 freq   -7177 path delay    205754
ptp4l[494.770]: master offset     185801 s2 freq  +18391 path delay    198599
ptp4l[495.770]: master offset     116096 s2 freq  +11536 path delay    198599
ptp4l[496.770]: master offset     121814 s2 freq  +12230 path delay    205754
ptp4l[497.771]: master offset      68861 s2 freq   +7003 path delay    214343
ptp4l[498.771]: master offset    -175855 s2 freq  -17644 path delay    214343
ptp4l[499.771]: master offset    -149995 s2 freq  -15208 path delay    214343
ptp4l[500.772]: master offset     104642 s2 freq  +10360 path delay    214343
ptp4l[501.772]: master offset      82838 s2 freq   +8263 path delay    214343
ptp4l[502.772]: master offset    -144488 s2 freq  -14614 path delay    225809
ptp4l[503.772]: master offset    -162712 s2 freq  -16599 path delay    214343
ptp4l[504.772]: master offset     -69093 s2 freq   -7307 path delay    190170
ptp4l[505.773]: master offset     -61750 s2 freq   -6634 path delay    144036
ptp4l[506.773]: master offset     349866 s2 freq  +34877 path delay    144036
ptp4l[507.773]: master offset     -64048 s2 freq   -6578 path delay    144036
ptp4l[508.773]: master offset     -22131 s2 freq   -2408 path delay    111428
ptp4l[509.773]: master offset     -48145 s2 freq   -5058 path delay    111428
ptp4l[510.774]: master offset      31763 s2 freq   +2965 path delay    103295
ptp4l[511.776]: master offset     -16393 s2 freq   -1867 path delay    123840
ptp4l[512.781]: master offset      29729 s2 freq   +2774 path delay    123840
ptp4l[513.781]: master offset       1259 s2 freq     -71 path delay    135377
ptp4l[514.781]: master offset       4747 s2 freq    +282 path delay    135377
ptp4l[515.781]: master offset      13701 s2 freq   +1191 path delay    161829
ptp4l[516.782]: master offset      77213 s2 freq   +7620 path delay    161829
ptp4l[517.782]: master offset       4495 s2 freq    +353 path delay    175896
ptp4l[518.782]: master offset      60708 s2 freq   +6035 path delay    175896
ptp4l[519.782]: master offset     -23426 s2 freq   -2402 path delay    193662
ptp4l[520.784]: master offset      42865 s2 freq   +4270 path delay    207231
ptp4l[521.785]: master offset    -154194 s2 freq  -15590 path delay    207231
ptp4l[522.787]: master offset    -132385 s2 freq  -13542 path delay    214401
ptp4l[523.787]: master offset      93674 s2 freq   +9158 path delay    214401
ptp4l[524.791]: master offset    -107085 s2 freq  -11025 path delay    214401
ptp4l[525.791]: master offset    -109510 s2 freq  -11377 path delay    207231
ptp4l[526.794]: master offset     -15190 s2 freq   -1961 path delay    207231
ptp4l[527.795]: master offset    -103398 s2 freq  -10885 path delay    203326
ptp4l[528.800]: master offset     193318 s2 freq  +18980 path delay    182459
ptp4l[529.800]: master offset     108553 s2 freq  +10612 path delay    182459
ptp4l[530.800]: master offset     -78635 s2 freq   -8185 path delay    201678
ptp4l[531.800]: master offset     -52621 s2 freq   -5636 path delay    182459
ptp4l[532.805]: master offset     245695 s2 freq  +24441 path delay    120362
ptp4l[533.804]: master offset     -74653 s2 freq   -7669 path delay    120362
ptp4l[534.805]: master offset      -6965 s2 freq    -907 path delay    120362
ptp4l[535.965]: master offset      29848 s2 freq   +2804 path delay    118214
ptp4l[536.969]: master offset     204928 s2 freq  +20517 path delay    120708
ptp4l[537.977]: master offset     184827 s2 freq  +18692 path delay    120708
ptp4l[538.980]: master offset     -77991 s2 freq   -7668 path delay    166474
ptp4l[539.984]: master offset     165530 s2 freq  +16850 path delay    122071
ptp4l[540.987]: master offset    -112956 s2 freq  -11112 path delay    172856
ptp4l[541.988]: master offset     198017 s2 freq  +20184 path delay    172856
ptp4l[542.990]: master offset     124307 s2 freq  +12937 path delay    172856
ptp4l[543.991]: master offset      10536 s2 freq   +1570 path delay    236133
ptp4l[544.992]: master offset       7772 s2 freq   +1302 path delay    314344
ptp4l[545.996]: master offset     -69624 s2 freq   -6507 path delay    314344
ptp4l[546.999]: master offset     -34338 s2 freq   -3013 path delay    314344
ptp4l[548.003]: master offset    -290625 s2 freq  -28933 path delay    314344
ptp4l[549.007]: master offset    -186397 s2 freq  -18696 path delay    264406
ptp4l[550.010]: master offset    -143620 s2 freq  -14562 path delay    205207
ptp4l[551.013]: master offset     -96674 s2 freq   -9964 path delay    156927
ptp4l[552.016]: master offset     -47653 s2 freq   -5110 path delay    138358
ptp4l[553.018]: master offset     268537 s2 freq  +26778 path delay     86914
ptp4l[554.020]: master offset     -16853 s2 freq   -1778 path delay     86914
ptp4l[555.021]: master offset     216699 s2 freq  +21794 path delay     86914
ptp4l[556.022]: master offset     -41170 s2 freq   -4034 path delay     86914
ptp4l[557.022]: master offset      16147 s2 freq   +1714 path delay     86914
ptp4l[558.027]: master offset     221763 s2 freq  +22497 path delay     86914
ptp4l[559.028]: master offset     -88731 s2 freq   -8641 path delay    109342
ptp4l[560.033]: master offset     276321 s2 freq  +28140 path delay    109342
ptp4l[561.036]: master offset     -99969 s2 freq   -9589 path delay    163348
ptp4l[562.039]: master offset    -111839 s2 freq  -10887 path delay    164758
ptp4l[563.041]: master offset     152249 s2 freq  +15674 path delay    164758
ptp4l[564.043]: master offset    -183030 s2 freq  -18037 path delay    208072
ptp4l[565.044]: master offset     179735 s2 freq  +18419 path delay    164758
ptp4l[566.045]: master offset    -104398 s2 freq  -10099 path delay    164758
ptp4l[567.045]: master offset     -74966 s2 freq   -7230 path delay    131698
ptp4l[568.050]: master offset      -8012 s2 freq    -543 path delay    131698
ptp4l[569.054]: master offset     -78405 s2 freq   -7661 path delay    133585
ptp4l[570.057]: master offset     -99697 s2 freq   -9890 path delay    133585
ptp4l[571.061]: master offset     -52451 s2 freq   -5218 path delay    131698
ptp4l[572.064]: master offset     -39140 s2 freq   -3926 path delay    126285
ptp4l[573.066]: master offset     -40191 s2 freq   -4071 path delay    130175
